SF:lib/src/bloc.dart
DA:88,1
DA:98,1
DA:103,1
DA:104,1
DA:106,1
DA:107,1
DA:110,3
DA:111,6
DA:112,1
DA:113,3
DA:117,1
DA:123,1
DA:125,2
DA:127,1
DA:128,1
DA:134,1
DA:137,2
DA:156,2
DA:159,1
DA:160,2
DA:162,1
DA:163,1
DA:164,1
DA:165,1
DA:168,1
DA:169,1
DA:171,2
DA:197,1
DA:198,1
DA:201,1
DA:202,2
DA:203,2
DA:204,4
DA:207,3
DA:229,1
DA:245,1
DA:247,3
DA:248,1
DA:258,2
DA:259,1
DA:263,3
DA:276,3
DA:278,1
DA:279,1
DA:293,1
DA:294,2
DA:296,1
DA:297,2
DA:299,1
DA:321,1
DA:325,2
DA:363,1
DA:371,1
DA:381,1
DA:383,1
DA:410,1
DA:414,1
DA:415,4
DA:417,2
DA:422,2
DA:426,1
DA:428,6
DA:429,1
DA:430,1
DA:431,1
DA:432,3
DA:433,2
DA:434,1
DA:438,1
DA:441,1
DA:442,1
DA:444,1
DA:447,1
DA:448,1
DA:449,1
DA:450,2
DA:451,2
DA:455,2
DA:456,1
DA:458,1
DA:465,1
DA:467,1
DA:468,2
DA:478,1
DA:502,1
DA:506,2
DA:529,1
DA:546,1
DA:547,3
DA:548,3
DA:549,6
DA:550,6
DA:551,3
DA:552,1
DA:555,1
DA:556,1
DA:557,1
DA:558,2
DA:559,1
DA:568,2
DA:569,1
DA:570,2
DA:571,3
DA:572,2
DA:573,1
DA:579,1
DA:580,1
DA:581,4
DA:584,1
DA:585,2
DA:587,1
DA:590,1
DA:615,2
DA:624,1
DA:626,2
DA:630,1
DA:631,2
DA:639,2
DA:642,3
DA:648,3
DA:654,1
DA:663,2
DA:678,1
DA:679,2
DA:680,3
DA:681,3
DA:682,1
DA:683,3
DA:684,1
DA:707,1
DA:710,2
DA:714,1
DA:716,1
DA:737,1
DA:741,2
DA:742,1
DA:743,1
DA:751,1
DA:753,2
DA:754,3
DA:759,1
DA:761,1
DA:763,1
DA:765,2
DA:766,1
DA:768,1
DA:769,1
DA:770,1
DA:771,1
DA:772,1
DA:775,2
DA:776,1
DA:777,1
DA:780,1
DA:782,1
DA:785,2
DA:786,1
DA:787,2
DA:790,1
DA:792,2
DA:793,1
DA:794,3
DA:795,3
DA:799,1
LF:164
LH:164
end_of_record
SF:lib/src/bloc_observer.dart
DA:10,1
DA:16,1
DA:23,1
DA:32,1
DA:39,1
DA:47,1
LF:6
LH:6
end_of_record
SF:lib/src/transition.dart
DA:10,7
DA:18,1
DA:21,1
DA:22,3
DA:23,3
DA:24,3
DA:26,1
DA:27,5
DA:29,1
DA:31,3
DA:42,5
DA:46,1
DA:51,1
DA:54,1
DA:55,3
DA:56,3
DA:57,3
DA:58,3
DA:60,1
DA:62,8
DA:65,1
DA:67,4
LF:22
LH:22
end_of_record
